#
# There is insufficient memory for the Java Runtime Environment to continue.
# Native memory allocation (malloc) failed to allocate 1212656 bytes for Chunk::new
# Possible reasons:
#   The system is out of physical RAM or swap space
#   The process is running with CompressedOops enabled, and the Java Heap may be blocking the growth of the native heap
# Possible solutions:
#   Reduce memory load on the system
#   Increase physical memory or swap space
#   Check if swap backing store is full
#   Decrease Java heap size (-Xmx/-Xms)
#   Decrease number of Java threads
#   Decrease Java thread stack sizes (-Xss)
#   Set larger code cache with -XX:ReservedCodeCacheSize=
#   JVM is running with Unscaled Compressed Oops mode in which the Java heap is
#     placed in the first 4GB address space. The Java Heap base address is the
#     maximum limit for the native heap growth. Please use -XX:HeapBaseMinAddress
#     to set the Java Heap base and to place the Java Heap above 4GB virtual address.
# This output file may be truncated or incomplete.
#
#  Out of Memory Error (./src/hotspot/share/memory/arena.cpp:197), pid=3124, tid=8160
#
# JRE version: OpenJDK Runtime Environment (11.0.10) (build 11.0.10+0-b96-7249189)
# Java VM: OpenJDK 64-Bit Server VM (11.0.10+0-b96-7249189, mixed mode, tiered, compressed oops, g1 gc, windows-amd64)
# No core dump will be written. Minidumps are not enabled by default on client versions of Windows
#

---------------  S U M M A R Y ------------

Command Line: --add-opens=java.base/java.util=ALL-UNNAMED --add-opens=java.base/java.lang=ALL-UNNAMED --add-opens=java.base/java.lang.invoke=ALL-UNNAMED --add-opens=java.prefs/java.util.prefs=ALL-UNNAMED -Xmx1536M -Dfile.encoding=windows-1252 -Duser.country=US -Duser.language=en -Duser.variant org.gradle.launcher.daemon.bootstrap.GradleDaemon 6.7.1

Host: Intel(R) Core(TM) i3-4160 CPU @ 3.60GHz, 4 cores, 7G,  Windows 10 , 64 bit Build 19041 (10.0.19041.2546)
Time: Mon Feb 27 16:38:58 2023 Bangladesh Standard Time elapsed time: 3.949682 seconds (0d 0h 0m 3s)

---------------  T H R E A D  ---------------

Current thread (0x0000024a2abf3000):  JavaThread "C2 CompilerThread0" daemon [_thread_in_native, id=8160, stack(0x0000008ab6900000,0x0000008ab6a00000)]


Current CompileTask:
C2:   3949 1913   !   4       java.lang.ClassLoader::loadClass (122 bytes)

Stack: [0x0000008ab6900000,0x0000008ab6a00000]
Native frames: (J=compiled Java code, j=interpreted, Vv=VM code, C=native code)
V  [jvm.dll+0x5ecfaa]
V  [jvm.dll+0x722bd5]
V  [jvm.dll+0x72412d]
V  [jvm.dll+0x7247e3]
V  [jvm.dll+0x242928]
V  [jvm.dll+0xbc4fc]
V  [jvm.dll+0xbca0c]
V  [jvm.dll+0x352d3b]
V  [jvm.dll+0x197e0c]
V  [jvm.dll+0x1fb70e]
V  [jvm.dll+0x1fa7f4]
V  [jvm.dll+0x18354c]
V  [jvm.dll+0x208ee7]
V  [jvm.dll+0x207731]
V  [jvm.dll+0x6eb1cf]
V  [jvm.dll+0x6e3d45]
V  [jvm.dll+0x5ebe96]
C  [ucrtbase.dll+0x21bb2]
C  [KERNEL32.DLL+0x17614]
C  [ntdll.dll+0x526a1]


---------------  P R O C E S S  ---------------

Threads class SMR info:
_java_thread_list=0x0000024a2d3e7e00, length=24, elements={
0x0000024a122fe000, 0x0000024a2aba7000, 0x0000024a2abcc000, 0x0000024a2abe9800,
0x0000024a2abeb000, 0x0000024a2abec800, 0x0000024a2abf3000, 0x0000024a2abf8000,
0x0000024a2abfb800, 0x0000024a2b6ae800, 0x0000024a2ce64000, 0x0000024a2ce76000,
0x0000024a2cdb2000, 0x0000024a2cb30000, 0x0000024a2cba9800, 0x0000024a2c846800,
0x0000024a2d12a800, 0x0000024a2c11d800, 0x0000024a2c11e000, 0x0000024a2ce0c800,
0x0000024a2ce11800, 0x0000024a2ce0c000, 0x0000024a2ce12800, 0x0000024a2d4b1000
}

Java Threads: ( => current thread )
  0x0000024a122fe000 JavaThread "main" [_thread_blocked, id=13464, stack(0x0000008ab5d00000,0x0000008ab5e00000)]
  0x0000024a2aba7000 JavaThread "Reference Handler" daemon [_thread_blocked, id=9660, stack(0x0000008ab6400000,0x0000008ab6500000)]
  0x0000024a2abcc000 JavaThread "Finalizer" daemon [_thread_blocked, id=12940, stack(0x0000008ab6500000,0x0000008ab6600000)]
  0x0000024a2abe9800 JavaThread "Signal Dispatcher" daemon [_thread_blocked, id=11028, stack(0x0000008ab6600000,0x0000008ab6700000)]
  0x0000024a2abeb000 JavaThread "Attach Listener" daemon [_thread_blocked, id=2572, stack(0x0000008ab6700000,0x0000008ab6800000)]
  0x0000024a2abec800 JavaThread "Service Thread" daemon [_thread_blocked, id=7308, stack(0x0000008ab6800000,0x0000008ab6900000)]
=>0x0000024a2abf3000 JavaThread "C2 CompilerThread0" daemon [_thread_in_native, id=8160, stack(0x0000008ab6900000,0x0000008ab6a00000)]
  0x0000024a2abf8000 JavaThread "C1 CompilerThread0" daemon [_thread_blocked, id=4628, stack(0x0000008ab6a00000,0x0000008ab6b00000)]
  0x0000024a2abfb800 JavaThread "Sweeper thread" daemon [_thread_blocked, id=10220, stack(0x0000008ab6b00000,0x0000008ab6c00000)]
  0x0000024a2b6ae800 JavaThread "Common-Cleaner" daemon [_thread_blocked, id=9596, stack(0x0000008ab6c00000,0x0000008ab6d00000)]
  0x0000024a2ce64000 JavaThread "Daemon health stats" [_thread_blocked, id=3804, stack(0x0000008ab7100000,0x0000008ab7200000)]
  0x0000024a2ce76000 JavaThread "Incoming local TCP Connector on port 50201" [_thread_in_native, id=9880, stack(0x0000008ab7400000,0x0000008ab7500000)]
  0x0000024a2cdb2000 JavaThread "Daemon periodic checks" [_thread_blocked, id=10280, stack(0x0000008ab7500000,0x0000008ab7600000)]
  0x0000024a2cb30000 JavaThread "Daemon" [_thread_blocked, id=4020, stack(0x0000008ab7600000,0x0000008ab7700000)]
  0x0000024a2cba9800 JavaThread "Handler for socket connection from /127.0.0.1:50201 to /127.0.0.1:50202" [_thread_in_native, id=13928, stack(0x0000008ab7700000,0x0000008ab7800000)]
  0x0000024a2c846800 JavaThread "Cancel handler" [_thread_blocked, id=2312, stack(0x0000008ab7800000,0x0000008ab7900000)]
  0x0000024a2d12a800 JavaThread "Daemon worker" [_thread_in_vm, id=1600, stack(0x0000008ab7900000,0x0000008ab7a00000)]
  0x0000024a2c11d800 JavaThread "Asynchronous log dispatcher for DefaultDaemonConnection: socket connection from /127.0.0.1:50201 to /127.0.0.1:50202" [_thread_blocked, id=13852, stack(0x0000008ab7a00000,0x0000008ab7b00000)]
  0x0000024a2c11e000 JavaThread "Stdin handler" [_thread_blocked, id=6508, stack(0x0000008ab7b00000,0x0000008ab7c00000)]
  0x0000024a2ce0c800 JavaThread "Thread-8" [_thread_blocked, id=9944, stack(0x0000008ab7c00000,0x0000008ab7d00000)]
  0x0000024a2ce11800 JavaThread "Cache worker for file hash cache (C:\Users\nanosoft\.gradle\caches\6.7.1\fileHashes)" [_thread_blocked, id=940, stack(0x0000008ab7e00000,0x0000008ab7f00000)]
  0x0000024a2ce0c000 JavaThread "File lock request listener" [_thread_in_native, id=6040, stack(0x0000008ab7f00000,0x0000008ab8000000)]
  0x0000024a2ce12800 JavaThread "Cache worker for journal cache (C:\Users\nanosoft\.gradle\caches\journal-1)" [_thread_blocked, id=12588, stack(0x0000008ab7000000,0x0000008ab7100000)]
  0x0000024a2d4b1000 JavaThread "C2 CompilerThread1" daemon [_thread_blocked, id=9140, stack(0x0000008ab8000000,0x0000008ab8100000)]

Other Threads:
  0x0000024a2aba3800 VMThread "VM Thread" [stack: 0x0000008ab6300000,0x0000008ab6400000] [id=2804]
  0x0000024a2b6d5000 WatcherThread [stack: 0x0000008ab6d00000,0x0000008ab6e00000] [id=13936]
  0x0000024a12317800 GCTaskThread "GC Thread#0" [stack: 0x0000008ab5e00000,0x0000008ab5f00000] [id=13872]
  0x0000024a2be10800 GCTaskThread "GC Thread#1" [stack: 0x0000008ab6e00000,0x0000008ab6f00000] [id=11920]
  0x0000024a2ba79000 GCTaskThread "GC Thread#2" [stack: 0x0000008ab6f00000,0x0000008ab7000000] [id=13048]
  0x0000024a2d200800 GCTaskThread "GC Thread#3" [stack: 0x0000008ab7d00000,0x0000008ab7e00000] [id=5020]
  0x0000024a1233d000 ConcurrentGCThread "G1 Main Marker" [stack: 0x0000008ab5f00000,0x0000008ab6000000] [id=12216]
  0x0000024a1233e800 ConcurrentGCThread "G1 Conc#0" [stack: 0x0000008ab6000000,0x0000008ab6100000] [id=11732]
  0x0000024a123cd800 ConcurrentGCThread "G1 Refine#0" [stack: 0x0000008ab6100000,0x0000008ab6200000] [id=5028]
  0x0000024a123ce800 ConcurrentGCThread "G1 Young RemSet Sampling" [stack: 0x0000008ab6200000,0x0000008ab6300000] [id=7064]

Threads with active compile tasks:
C2 CompilerThread0   4042 1913   !   4       java.lang.ClassLoader::loadClass (122 bytes)

VM state:not at safepoint (normal execution)

VM Mutex/Monitor currently owned by a thread: None

Heap address: 0x00000000a0000000, size: 1536 MB, Compressed Oops mode: 32-bit
Narrow klass base: 0x0000000000000000, Narrow klass shift: 3
Compressed class space size: 1073741824 Address: 0x0000000100000000

Heap:
 garbage-first heap   total 131072K, used 40454K [0x00000000a0000000, 0x0000000100000000)
  region size 1024K, 29 young (29696K), 4 survivors (4096K)
 Metaspace       used 23314K, capacity 23896K, committed 23936K, reserved 1071104K
  class space    used 2951K, capacity 3169K, committed 3200K, reserved 1048576K
Heap Regions: E=young(eden), S=young(survivor), O=old, HS=humongous(starts), HC=humongous(continues), CS=collection set, F=free, A=archive, TAMS=top-at-mark-start (previous, next)
|   0|0x00000000a0000000, 0x00000000a0100000, 0x00000000a0100000|100%| O|  |TAMS 0x00000000a0100000, 0x00000000a0000000| Untracked 
|   1|0x00000000a0100000, 0x00000000a0200000, 0x00000000a0200000|100%| O|  |TAMS 0x00000000a0200000, 0x00000000a0100000| Untracked 
|   2|0x00000000a0200000, 0x00000000a0300000, 0x00000000a0300000|100%| O|  |TAMS 0x00000000a0300000, 0x00000000a0200000| Untracked 
|   3|0x00000000a0300000, 0x00000000a0400000, 0x00000000a0400000|100%|HS|  |TAMS 0x00000000a0400000, 0x00000000a0300000| Complete 
|   4|0x00000000a0400000, 0x00000000a0500000, 0x00000000a0500000|100%|HC|  |TAMS 0x00000000a0500000, 0x00000000a0400000| Complete 
|   5|0x00000000a0500000, 0x00000000a0600000, 0x00000000a0600000|100%|HC|  |TAMS 0x00000000a0600000, 0x00000000a0500000| Complete 
|   6|0x00000000a0600000, 0x00000000a0700000, 0x00000000a0700000|100%| O|  |TAMS 0x00000000a0700000, 0x00000000a0600000| Untracked 
|   7|0x00000000a0700000, 0x00000000a0800000, 0x00000000a0800000|100%| O|  |TAMS 0x00000000a0800000, 0x00000000a0700000| Untracked 
|   8|0x00000000a0800000, 0x00000000a0900000, 0x00000000a0900000|100%| O|  |TAMS 0x00000000a0900000, 0x00000000a0800000| Untracked 
|   9|0x00000000a0900000, 0x00000000a0a00000, 0x00000000a0a00000|100%| O|  |TAMS 0x00000000a0a00000, 0x00000000a0900000| Untracked 
|  10|0x00000000a0a00000, 0x00000000a0b00000, 0x00000000a0b00000|100%| O|  |TAMS 0x00000000a0b00000, 0x00000000a0a00000| Untracked 
|  11|0x00000000a0b00000, 0x00000000a0c00000, 0x00000000a0c00000|100%| O|  |TAMS 0x00000000a0c00000, 0x00000000a0b00000| Untracked 
|  12|0x00000000a0c00000, 0x00000000a0c64400, 0x00000000a0d00000| 39%| O|  |TAMS 0x00000000a0c64400, 0x00000000a0c00000| Untracked 
|  13|0x00000000a0d00000, 0x00000000a0d00000, 0x00000000a0e00000|  0%| F|  |TAMS 0x00000000a0d00000, 0x00000000a0d00000| Untracked 
|  14|0x00000000a0e00000, 0x00000000a0e00000, 0x00000000a0f00000|  0%| F|  |TAMS 0x00000000a0e00000, 0x00000000a0e00000| Untracked 
|  15|0x00000000a0f00000, 0x00000000a0f00000, 0x00000000a1000000|  0%| F|  |TAMS 0x00000000a0f00000, 0x00000000a0f00000| Untracked 
|  16|0x00000000a1000000, 0x00000000a1000000, 0x00000000a1100000|  0%| F|  |TAMS 0x00000000a1000000, 0x00000000a1000000| Untracked 
|  17|0x00000000a1100000, 0x00000000a1100000, 0x00000000a1200000|  0%| F|  |TAMS 0x00000000a1100000, 0x00000000a1100000| Untracked 
|  18|0x00000000a1200000, 0x00000000a1200000, 0x00000000a1300000|  0%| F|  |TAMS 0x00000000a1200000, 0x00000000a1200000| Untracked 
|  19|0x00000000a1300000, 0x00000000a1300000, 0x00000000a1400000|  0%| F|  |TAMS 0x00000000a1300000, 0x00000000a1300000| Untracked 
|  20|0x00000000a1400000, 0x00000000a1400000, 0x00000000a1500000|  0%| F|  |TAMS 0x00000000a1400000, 0x00000000a1400000| Untracked 
|  21|0x00000000a1500000, 0x00000000a1500000, 0x00000000a1600000|  0%| F|  |TAMS 0x00000000a1500000, 0x00000000a1500000| Untracked 
|  22|0x00000000a1600000, 0x00000000a1600000, 0x00000000a1700000|  0%| F|  |TAMS 0x00000000a1600000, 0x00000000a1600000| Untracked 
|  23|0x00000000a1700000, 0x00000000a1700000, 0x00000000a1800000|  0%| F|  |TAMS 0x00000000a1700000, 0x00000000a1700000| Untracked 
|  24|0x00000000a1800000, 0x00000000a1800000, 0x00000000a1900000|  0%| F|  |TAMS 0x00000000a1800000, 0x00000000a1800000| Untracked 
|  25|0x00000000a1900000, 0x00000000a1900000, 0x00000000a1a00000|  0%| F|  |TAMS 0x00000000a1900000, 0x00000000a1900000| Untracked 
|  26|0x00000000a1a00000, 0x00000000a1a00000, 0x00000000a1b00000|  0%| F|  |TAMS 0x00000000a1a00000, 0x00000000a1a00000| Untracked 
|  27|0x00000000a1b00000, 0x00000000a1b00000, 0x00000000a1c00000|  0%| F|  |TAMS 0x00000000a1b00000, 0x00000000a1b00000| Untracked 
|  28|0x00000000a1c00000, 0x00000000a1c00000, 0x00000000a1d00000|  0%| F|  |TAMS 0x00000000a1c00000, 0x00000000a1c00000| Untracked 
|  29|0x00000000a1d00000, 0x00000000a1d00000, 0x00000000a1e00000|  0%| F|  |TAMS 0x00000000a1d00000, 0x00000000a1d00000| Untracked 
|  30|0x00000000a1e00000, 0x00000000a1e00000, 0x00000000a1f00000|  0%| F|  |TAMS 0x00000000a1e00000, 0x00000000a1e00000| Untracked 
|  31|0x00000000a1f00000, 0x00000000a1f00000, 0x00000000a2000000|  0%| F|  |TAMS 0x00000000a1f00000, 0x00000000a1f00000| Untracked 
|  32|0x00000000a2000000, 0x00000000a2000000, 0x00000000a2100000|  0%| F|  |TAMS 0x00000000a2000000, 0x00000000a2000000| Untracked 
|  33|0x00000000a2100000, 0x00000000a2100000, 0x00000000a2200000|  0%| F|  |TAMS 0x00000000a2100000, 0x00000000a2100000| Untracked 
|  34|0x00000000a2200000, 0x00000000a2200000, 0x00000000a2300000|  0%| F|  |TAMS 0x00000000a2200000, 0x00000000a2200000| Untracked 
|  35|0x00000000a2300000, 0x00000000a2300000, 0x00000000a2400000|  0%| F|  |TAMS 0x00000000a2300000, 0x00000000a2300000| Untracked 
|  36|0x00000000a2400000, 0x00000000a2400000, 0x00000000a2500000|  0%| F|  |TAMS 0x00000000a2400000, 0x00000000a2400000| Untracked 
|  37|0x00000000a2500000, 0x00000000a2500000, 0x00000000a2600000|  0%| F|  |TAMS 0x00000000a2500000, 0x00000000a2500000| Untracked 
|  38|0x00000000a2600000, 0x00000000a2600000, 0x00000000a2700000|  0%| F|  |TAMS 0x00000000a2600000, 0x00000000a2600000| Untracked 
|  39|0x00000000a2700000, 0x00000000a2700000, 0x00000000a2800000|  0%| F|  |TAMS 0x00000000a2700000, 0x00000000a2700000| Untracked 
|  40|0x00000000a2800000, 0x00000000a2800000, 0x00000000a2900000|  0%| F|  |TAMS 0x00000000a2800000, 0x00000000a2800000| Untracked 
|  41|0x00000000a2900000, 0x00000000a2900000, 0x00000000a2a00000|  0%| F|  |TAMS 0x00000000a2900000, 0x00000000a2900000| Untracked 
|  42|0x00000000a2a00000, 0x00000000a2a00000, 0x00000000a2b00000|  0%| F|  |TAMS 0x00000000a2a00000, 0x00000000a2a00000| Untracked 
|  43|0x00000000a2b00000, 0x00000000a2b00000, 0x00000000a2c00000|  0%| F|  |TAMS 0x00000000a2b00000, 0x00000000a2b00000| Untracked 
|  44|0x00000000a2c00000, 0x00000000a2c00000, 0x00000000a2d00000|  0%| F|  |TAMS 0x00000000a2c00000, 0x00000000a2c00000| Untracked 
|  45|0x00000000a2d00000, 0x00000000a2d00000, 0x00000000a2e00000|  0%| F|  |TAMS 0x00000000a2d00000, 0x00000000a2d00000| Untracked 
|  46|0x00000000a2e00000, 0x00000000a2e00000, 0x00000000a2f00000|  0%| F|  |TAMS 0x00000000a2e00000, 0x00000000a2e00000| Untracked 
|  47|0x00000000a2f00000, 0x00000000a2f00000, 0x00000000a3000000|  0%| F|  |TAMS 0x00000000a2f00000, 0x00000000a2f00000| Untracked 
|  48|0x00000000a3000000, 0x00000000a3000000, 0x00000000a3100000|  0%| F|  |TAMS 0x00000000a3000000, 0x00000000a3000000| Untracked 
|  49|0x00000000a3100000, 0x00000000a3100000, 0x00000000a3200000|  0%| F|  |TAMS 0x00000000a3100000, 0x00000000a3100000| Untracked 
|  50|0x00000000a3200000, 0x00000000a3200000, 0x00000000a3300000|  0%| F|  |TAMS 0x00000000a3200000, 0x00000000a3200000| Untracked 
|  51|0x00000000a3300000, 0x00000000a3300000, 0x00000000a3400000|  0%| F|  |TAMS 0x00000000a3300000, 0x00000000a3300000| Untracked 
|  52|0x00000000a3400000, 0x00000000a3400000, 0x00000000a3500000|  0%| F|  |TAMS 0x00000000a3400000, 0x00000000a3400000| Untracked 
|  53|0x00000000a3500000, 0x00000000a3500000, 0x00000000a3600000|  0%| F|  |TAMS 0x00000000a3500000, 0x00000000a3500000| Untracked 
|  54|0x00000000a3600000, 0x00000000a3600000, 0x00000000a3700000|  0%| F|  |TAMS 0x00000000a3600000, 0x00000000a3600000| Untracked 
|  55|0x00000000a3700000, 0x00000000a3700000, 0x00000000a3800000|  0%| F|  |TAMS 0x00000000a3700000, 0x00000000a3700000| Untracked 
|  56|0x00000000a3800000, 0x00000000a3800000, 0x00000000a3900000|  0%| F|  |TAMS 0x00000000a3800000, 0x00000000a3800000| Untracked 
|  57|0x00000000a3900000, 0x00000000a3900000, 0x00000000a3a00000|  0%| F|  |TAMS 0x00000000a3900000, 0x00000000a3900000| Untracked 
|  58|0x00000000a3a00000, 0x00000000a3a00000, 0x00000000a3b00000|  0%| F|  |TAMS 0x00000000a3a00000, 0x00000000a3a00000| Untracked 
|  59|0x00000000a3b00000, 0x00000000a3b00000, 0x00000000a3c00000|  0%| F|  |TAMS 0x00000000a3b00000, 0x00000000a3b00000| Untracked 
|  60|0x00000000a3c00000, 0x00000000a3c00000, 0x00000000a3d00000|  0%| F|  |TAMS 0x00000000a3c00000, 0x00000000a3c00000| Untracked 
|  61|0x00000000a3d00000, 0x00000000a3d00000, 0x00000000a3e00000|  0%| F|  |TAMS 0x00000000a3d00000, 0x00000000a3d00000| Untracked 
|  62|0x00000000a3e00000, 0x00000000a3e00000, 0x00000000a3f00000|  0%| F|  |TAMS 0x00000000a3e00000, 0x00000000a3e00000| Untracked 
|  63|0x00000000a3f00000, 0x00000000a3f00000, 0x00000000a4000000|  0%| F|  |TAMS 0x00000000a3f00000, 0x00000000a3f00000| Untracked 
|  64|0x00000000a4000000, 0x00000000a4000000, 0x00000000a4100000|  0%| F|  |TAMS 0x00000000a4000000, 0x00000000a4000000| Untracked 
|  65|0x00000000a4100000, 0x00000000a4100000, 0x00000000a4200000|  0%| F|  |TAMS 0x00000000a4100000, 0x00000000a4100000| Untracked 
|  66|0x00000000a4200000, 0x00000000a4200000, 0x00000000a4300000|  0%| F|  |TAMS 0x00000000a4200000, 0x00000000a4200000| Untracked 
|  67|0x00000000a4300000, 0x00000000a4300000, 0x00000000a4400000|  0%| F|  |TAMS 0x00000000a4300000, 0x00000000a4300000| Untracked 
|  68|0x00000000a4400000, 0x00000000a4400000, 0x00000000a4500000|  0%| F|  |TAMS 0x00000000a4400000, 0x00000000a4400000| Untracked 
|  69|0x00000000a4500000, 0x00000000a4500000, 0x00000000a4600000|  0%| F|  |TAMS 0x00000000a4500000, 0x00000000a4500000| Untracked 
|  70|0x00000000a4600000, 0x00000000a4600000, 0x00000000a4700000|  0%| F|  |TAMS 0x00000000a4600000, 0x00000000a4600000| Untracked 
|  71|0x00000000a4700000, 0x00000000a4700000, 0x00000000a4800000|  0%| F|  |TAMS 0x00000000a4700000, 0x00000000a4700000| Untracked 
|  72|0x00000000a4800000, 0x00000000a4800000, 0x00000000a4900000|  0%| F|  |TAMS 0x00000000a4800000, 0x00000000a4800000| Untracked 
|  73|0x00000000a4900000, 0x00000000a4900000, 0x00000000a4a00000|  0%| F|  |TAMS 0x00000000a4900000, 0x00000000a4900000| Untracked 
|  74|0x00000000a4a00000, 0x00000000a4a00000, 0x00000000a4b00000|  0%| F|  |TAMS 0x00000000a4a00000, 0x00000000a4a00000| Untracked 
|  75|0x00000000a4b00000, 0x00000000a4b00000, 0x00000000a4c00000|  0%| F|  |TAMS 0x00000000a4b00000, 0x00000000a4b00000| Untracked 
|  76|0x00000000a4c00000, 0x00000000a4c00000, 0x00000000a4d00000|  0%| F|  |TAMS 0x00000000a4c00000, 0x00000000a4c00000| Untracked 
|  77|0x00000000a4d00000, 0x00000000a4d00000, 0x00000000a4e00000|  0%| F|  |TAMS 0x00000000a4d00000, 0x00000000a4d00000| Untracked 
|  78|0x00000000a4e00000, 0x00000000a4e00000, 0x00000000a4f00000|  0%| F|  |TAMS 0x00000000a4e00000, 0x00000000a4e00000| Untracked 
|  79|0x00000000a4f00000, 0x00000000a4f00000, 0x00000000a5000000|  0%| F|  |TAMS 0x00000000a4f00000, 0x00000000a4f00000| Untracked 
|  80|0x00000000a5000000, 0x00000000a5000000, 0x00000000a5100000|  0%| F|  |TAMS 0x00000000a5000000, 0x00000000a5000000| Untracked 
|  81|0x00000000a5100000, 0x00000000a5100000, 0x00000000a5200000|  0%| F|  |TAMS 0x00000000a5100000, 0x00000000a5100000| Untracked 
|  82|0x00000000a5200000, 0x00000000a5200000, 0x00000000a5300000|  0%| F|  |TAMS 0x00000000a5200000, 0x00000000a5200000| Untracked 
|  83|0x00000000a5300000, 0x00000000a5300000, 0x00000000a5400000|  0%| F|  |TAMS 0x00000000a5300000, 0x00000000a5300000| Untracked 
|  84|0x00000000a5400000, 0x00000000a5400000, 0x00000000a5500000|  0%| F|  |TAMS 0x00000000a5400000, 0x00000000a5400000| Untracked 
|  85|0x00000000a5500000, 0x00000000a5500000, 0x00000000a5600000|  0%| F|  |TAMS 0x00000000a5500000, 0x00000000a5500000| Untracked 
|  86|0x00000000a5600000, 0x00000000a5600000, 0x00000000a5700000|  0%| F|  |TAMS 0x00000000a5600000, 0x00000000a5600000| Untracked 
|  87|0x00000000a5700000, 0x00000000a5700000, 0x00000000a5800000|  0%| F|  |TAMS 0x00000000a5700000, 0x00000000a5700000| Untracked 
|  88|0x00000000a5800000, 0x00000000a5800000, 0x00000000a5900000|  0%| F|  |TAMS 0x00000000a5800000, 0x00000000a5800000| Untracked 
|  89|0x00000000a5900000, 0x00000000a5900000, 0x00000000a5a00000|  0%| F|  |TAMS 0x00000000a5900000, 0x00000000a5900000| Untracked 
|  90|0x00000000a5a00000, 0x00000000a5a00000, 0x00000000a5b00000|  0%| F|  |TAMS 0x00000000a5a00000, 0x00000000a5a00000| Untracked 
|  91|0x00000000a5b00000, 0x00000000a5b00000, 0x00000000a5c00000|  0%| F|  |TAMS 0x00000000a5b00000, 0x00000000a5b00000| Untracked 
|  92|0x00000000a5c00000, 0x00000000a5c00000, 0x00000000a5d00000|  0%| F|  |TAMS 0x00000000a5c00000, 0x00000000a5c00000| Untracked 
|  93|0x00000000a5d00000, 0x00000000a5d00000, 0x00000000a5e00000|  0%| F|  |TAMS 0x00000000a5d00000, 0x00000000a5d00000| Untracked 
|  94|0x00000000a5e00000, 0x00000000a5e00000, 0x00000000a5f00000|  0%| F|  |TAMS 0x00000000a5e00000, 0x00000000a5e00000| Untracked 
|  95|0x00000000a5f00000, 0x00000000a5f00000, 0x00000000a6000000|  0%| F|  |TAMS 0x00000000a5f00000, 0x00000000a5f00000| Untracked 
|  96|0x00000000a6000000, 0x00000000a6000000, 0x00000000a6100000|  0%| F|  |TAMS 0x00000000a6000000, 0x00000000a6000000| Untracked 
|  97|0x00000000a6100000, 0x00000000a6100000, 0x00000000a6200000|  0%| F|  |TAMS 0x00000000a6100000, 0x00000000a6100000| Untracked 
|  98|0x00000000a6200000, 0x00000000a6200000, 0x00000000a6300000|  0%| F|  |TAMS 0x00000000a6200000, 0x00000000a6200000| Untracked 
|  99|0x00000000a6300000, 0x00000000a63d2518, 0x00000000a6400000| 82%| E|  |TAMS 0x00000000a6300000, 0x00000000a6300000| Complete 
| 100|0x00000000a6400000, 0x00000000a6500000, 0x00000000a6500000|100%| E|CS|TAMS 0x00000000a6400000, 0x00000000a6400000| Complete 
| 101|0x00000000a6500000, 0x00000000a6600000, 0x00000000a6600000|100%| E|CS|TAMS 0x00000000a6500000, 0x00000000a6500000| Complete 
| 102|0x00000000a6600000, 0x00000000a6700000, 0x00000000a6700000|100%| E|CS|TAMS 0x00000000a6600000, 0x00000000a6600000| Complete 
| 103|0x00000000a6700000, 0x00000000a6800000, 0x00000000a6800000|100%| E|CS|TAMS 0x00000000a6700000, 0x00000000a6700000| Complete 
| 104|0x00000000a6800000, 0x00000000a6900000, 0x00000000a6900000|100%| E|CS|TAMS 0x00000000a6800000, 0x00000000a6800000| Complete 
| 105|0x00000000a6900000, 0x00000000a6a00000, 0x00000000a6a00000|100%| E|CS|TAMS 0x00000000a6900000, 0x00000000a6900000| Complete 
| 106|0x00000000a6a00000, 0x00000000a6b00000, 0x00000000a6b00000|100%| E|CS|TAMS 0x00000000a6a00000, 0x00000000a6a00000| Complete 
| 107|0x00000000a6b00000, 0x00000000a6c00000, 0x00000000a6c00000|100%| E|CS|TAMS 0x00000000a6b00000, 0x00000000a6b00000| Complete 
| 108|0x00000000a6c00000, 0x00000000a6d00000, 0x00000000a6d00000|100%| E|CS|TAMS 0x00000000a6c00000, 0x00000000a6c00000| Complete 
| 109|0x00000000a6d00000, 0x00000000a6e00000, 0x00000000a6e00000|100%| E|CS|TAMS 0x00000000a6d00000, 0x00000000a6d00000| Complete 
| 110|0x00000000a6e00000, 0x00000000a6e1d618, 0x00000000a6f00000| 11%| S|CS|TAMS 0x00000000a6e00000, 0x00000000a6e00000| Complete 
| 111|0x00000000a6f00000, 0x00000000a7000000, 0x00000000a7000000|100%| S|CS|TAMS 0x00000000a6f00000, 0x00000000a6f00000| Complete 
| 112|0x00000000a7000000, 0x00000000a7100000, 0x00000000a7100000|100%| S|CS|TAMS 0x00000000a7000000, 0x00000000a7000000| Complete 
| 113|0x00000000a7100000, 0x00000000a7200000, 0x00000000a7200000|100%| S|CS|TAMS 0x00000000a7100000, 0x00000000a7100000| Complete 
| 114|0x00000000a7200000, 0x00000000a7300000, 0x00000000a7300000|100%| E|CS|TAMS 0x00000000a7200000, 0x00000000a7200000| Complete 
| 115|0x00000000a7300000, 0x00000000a7400000, 0x00000000a7400000|100%| E|CS|TAMS 0x00000000a7300000, 0x00000000a7300000| Complete 
| 116|0x00000000a7400000, 0x00000000a7500000, 0x00000000a7500000|100%| E|CS|TAMS 0x00000000a7400000, 0x00000000a7400000| Complete 
| 117|0x00000000a7500000, 0x00000000a7600000, 0x00000000a7600000|100%| E|CS|TAMS 0x00000000a7500000, 0x00000000a7500000| Complete 
| 118|0x00000000a7600000, 0x00000000a7700000, 0x00000000a7700000|100%| E|CS|TAMS 0x00000000a7600000, 0x00000000a7600000| Complete 
| 119|0x00000000a7700000, 0x00000000a7800000, 0x00000000a7800000|100%| E|CS|TAMS 0x00000000a7700000, 0x00000000a7700000| Complete 
| 120|0x00000000a7800000, 0x00000000a7900000, 0x00000000a7900000|100%| E|CS|TAMS 0x00000000a7800000, 0x00000000a7800000| Complete 
| 121|0x00000000a7900000, 0x00000000a7a00000, 0x00000000a7a00000|100%| E|CS|TAMS 0x00000000a7900000, 0x00000000a7900000| Complete 
| 122|0x00000000a7a00000, 0x00000000a7b00000, 0x00000000a7b00000|100%| E|CS|TAMS 0x00000000a7a00000, 0x00000000a7a00000| Complete 
| 123|0x00000000a7b00000, 0x00000000a7c00000, 0x00000000a7c00000|100%| E|CS|TAMS 0x00000000a7b00000, 0x00000000a7b00000| Complete 
| 124|0x00000000a7c00000, 0x00000000a7d00000, 0x00000000a7d00000|100%| E|CS|TAMS 0x00000000a7c00000, 0x00000000a7c00000| Complete 
| 125|0x00000000a7d00000, 0x00000000a7e00000, 0x00000000a7e00000|100%| E|CS|TAMS 0x00000000a7d00000, 0x00000000a7d00000| Complete 
| 126|0x00000000a7e00000, 0x00000000a7f00000, 0x00000000a7f00000|100%| E|CS|TAMS 0x00000000a7e00000, 0x00000000a7e00000| Complete 
| 127|0x00000000a7f00000, 0x00000000a8000000, 0x00000000a8000000|100%| E|CS|TAMS 0x00000000a7f00000, 0x00000000a7f00000| Complete 

Card table byte_map: [0x0000024a250f0000,0x0000024a253f0000] _byte_map_base: 0x0000024a24bf0000

Marking Bits (Prev, Next): (CMBitMap*) 0x0000024a123366b0, (CMBitMap*) 0x0000024a12336678
 Prev Bits: [0x0000024a26ef0000, 0x0000024a286f0000)
 Next Bits: [0x0000024a256f0000, 0x0000024a26ef0000)

Polling page: 0x0000024a10130000

Metaspace:

Usage:
  Non-class:     20.24 MB capacity,    19.91 MB ( 98%) used,   302.09 KB (  1%) free+waste,    39.94 KB ( <1%) overhead. 
      Class:      3.09 MB capacity,     2.89 MB ( 93%) used,   193.70 KB (  6%) free+waste,    19.75 KB ( <1%) overhead. 
       Both:     23.34 MB capacity,    22.79 MB ( 98%) used,   495.79 KB (  2%) free+waste,    59.69 KB ( <1%) overhead. 

Virtual space:
  Non-class space:       22.00 MB reserved,      20.25 MB ( 92%) committed 
      Class space:        1.00 GB reserved,       3.13 MB ( <1%) committed 
             Both:        1.02 GB reserved,      23.38 MB (  2%) committed 

Chunk freelists:
   Non-Class:  9.00 KB
       Class:  31.00 KB
        Both:  40.00 KB

MaxMetaspaceSize: 17179869184.00 GB
CompressedClassSpaceSize: 1.00 GB

CodeHeap 'non-profiled nmethods': size=120064Kb used=868Kb max_used=868Kb free=119195Kb
 bounds [0x0000024a1d8b0000, 0x0000024a1db20000, 0x0000024a24df0000]
CodeHeap 'profiled nmethods': size=120000Kb used=4295Kb max_used=4295Kb free=115704Kb
 bounds [0x0000024a16380000, 0x0000024a167c0000, 0x0000024a1d8b0000]
CodeHeap 'non-nmethods': size=5696Kb used=1140Kb max_used=1151Kb free=4555Kb
 bounds [0x0000024a15df0000, 0x0000024a16060000, 0x0000024a16380000]
 total_blobs=2481 nmethods=2007 adapters=385
 compilation: enabled
              stopped_count=0, restarted_count=0
 full_count=0

Compilation events (20 events):
Event: 3.829 Thread 0x0000024a2d4b1000 1984       4       java.nio.Buffer::nextGetIndex (30 bytes)
Event: 3.829 Thread 0x0000024a2abf8000 1985       3       jdk.internal.reflect.ReflectionFactory::getExecutableSharedParameterTypes (10 bytes)
Event: 3.830 Thread 0x0000024a2abf8000 nmethod 1985 0x0000024a167a1b90 code [0x0000024a167a1d80, 0x0000024a167a2108]
Event: 3.830 Thread 0x0000024a2abf8000 1986       3       java.lang.reflect.ReflectAccess::getExecutableSharedParameterTypes (5 bytes)
Event: 3.830 Thread 0x0000024a2d4b1000 nmethod 1984 0x0000024a1d983e10 code [0x0000024a1d983fa0, 0x0000024a1d984038]
Event: 3.830 Thread 0x0000024a2abf8000 nmethod 1986 0x0000024a167a2290 code [0x0000024a167a2440, 0x0000024a167a2608]
Event: 3.830 Thread 0x0000024a2abf8000 1987       3       java.lang.reflect.ProxyGenerator$ConstantPool::getFieldRef (33 bytes)
Event: 3.831 Thread 0x0000024a2abf8000 nmethod 1987 0x0000024a167a2710 code [0x0000024a167a29e0, 0x0000024a167a3648]
Event: 3.831 Thread 0x0000024a2d4b1000 1988       4       java.io.DataOutputStream::writeShort (35 bytes)
Event: 3.838 Thread 0x0000024a2abf8000 1990       3       java.io.ByteArrayOutputStream::<init> (43 bytes)
Event: 3.839 Thread 0x0000024a2abf8000 nmethod 1990 0x0000024a167a3b90 code [0x0000024a167a3e00, 0x0000024a167a4818]
Event: 3.839 Thread 0x0000024a2abf8000 1992       3       java.nio.HeapByteBuffer::byteOffset (7 bytes)
Event: 3.839 Thread 0x0000024a2abf8000 nmethod 1992 0x0000024a167a4b90 code [0x0000024a167a4d40, 0x0000024a167a4e38]
Event: 3.839 Thread 0x0000024a2abf8000 1991       3       java.io.ByteArrayOutputStream::<init> (7 bytes)
Event: 3.839 Thread 0x0000024a2abf8000 nmethod 1991 0x0000024a167a4f10 code [0x0000024a167a50c0, 0x0000024a167a51e8]
Event: 3.839 Thread 0x0000024a2abf8000 1993       1       jdk.internal.loader.AbstractClassLoaderValue$Sub::parent (5 bytes)
Event: 3.839 Thread 0x0000024a2abf8000 nmethod 1993 0x0000024a1d984110 code [0x0000024a1d9842c0, 0x0000024a1d984378]
Event: 3.845 Thread 0x0000024a2d4b1000 nmethod 1988 0x0000024a1d984410 code [0x0000024a1d984620, 0x0000024a1d985b90]
Event: 3.845 Thread 0x0000024a2d4b1000 1989       4       jdk.internal.org.objectweb.asm.ClassWriter::newUTF8 (70 bytes)
Event: 3.862 Thread 0x0000024a2d4b1000 nmethod 1989 0x0000024a1d986210 code [0x0000024a1d986420, 0x0000024a1d987390]

GC Heap History (10 events):
Event: 0.805 GC heap before
{Heap before GC invocations=0 (full 0):
 garbage-first heap   total 131072K, used 19456K [0x00000000a0000000, 0x0000000100000000)
  region size 1024K, 14 young (14336K), 0 survivors (0K)
 Metaspace       used 7447K, capacity 7671K, committed 7936K, reserved 1056768K
  class space    used 681K, capacity 748K, committed 768K, reserved 1048576K
}
Event: 0.812 GC heap after
{Heap after GC invocations=1 (full 0):
 garbage-first heap   total 131072K, used 7781K [0x00000000a0000000, 0x0000000100000000)
  region size 1024K, 2 young (2048K), 2 survivors (2048K)
 Metaspace       used 7447K, capacity 7671K, committed 7936K, reserved 1056768K
  class space    used 681K, capacity 748K, committed 768K, reserved 1048576K
}
Event: 1.286 GC heap before
{Heap before GC invocations=1 (full 0):
 garbage-first heap   total 131072K, used 19045K [0x00000000a0000000, 0x0000000100000000)
  region size 1024K, 13 young (13312K), 2 survivors (2048K)
 Metaspace       used 10485K, capacity 10700K, committed 11008K, reserved 1058816K
  class space    used 1100K, capacity 1164K, committed 1280K, reserved 1048576K
}
Event: 1.291 GC heap after
{Heap after GC invocations=2 (full 0):
 garbage-first heap   total 131072K, used 8579K [0x00000000a0000000, 0x0000000100000000)
  region size 1024K, 1 young (1024K), 1 survivors (1024K)
 Metaspace       used 10485K, capacity 10700K, committed 11008K, reserved 1058816K
  class space    used 1100K, capacity 1164K, committed 1280K, reserved 1048576K
}
Event: 2.039 GC heap before
{Heap before GC invocations=2 (full 0):
 garbage-first heap   total 131072K, used 36227K [0x00000000a0000000, 0x0000000100000000)
  region size 1024K, 29 young (29696K), 1 survivors (1024K)
 Metaspace       used 10658K, capacity 10893K, committed 11264K, reserved 1058816K
  class space    used 1102K, capacity 1164K, committed 1280K, reserved 1048576K
}
Event: 2.043 GC heap after
{Heap after GC invocations=3 (full 0):
 garbage-first heap   total 131072K, used 13058K [0x00000000a0000000, 0x0000000100000000)
  region size 1024K, 4 young (4096K), 4 survivors (4096K)
 Metaspace       used 10658K, capacity 10893K, committed 11264K, reserved 1058816K
  class space    used 1102K, capacity 1164K, committed 1280K, reserved 1048576K
}
Event: 3.148 GC heap before
{Heap before GC invocations=3 (full 0):
 garbage-first heap   total 131072K, used 54018K [0x00000000a0000000, 0x0000000100000000)
  region size 1024K, 44 young (45056K), 4 survivors (4096K)
 Metaspace       used 18473K, capacity 18873K, committed 19072K, reserved 1067008K
  class space    used 2225K, capacity 2340K, committed 2432K, reserved 1048576K
}
Event: 3.157 GC heap after
{Heap after GC invocations=4 (full 0):
 garbage-first heap   total 131072K, used 15493K [0x00000000a0000000, 0x0000000100000000)
  region size 1024K, 3 young (3072K), 3 survivors (3072K)
 Metaspace       used 18473K, capacity 18873K, committed 19072K, reserved 1067008K
  class space    used 2225K, capacity 2340K, committed 2432K, reserved 1048576K
}
Event: 3.437 GC heap before
{Heap before GC invocations=4 (full 0):
 garbage-first heap   total 131072K, used 28805K [0x00000000a0000000, 0x0000000100000000)
  region size 1024K, 17 young (17408K), 3 survivors (3072K)
 Metaspace       used 20574K, capacity 21061K, committed 21248K, reserved 1067008K
  class space    used 2523K, capacity 2691K, committed 2816K, reserved 1048576K
}
Event: 3.442 GC heap after
{Heap after GC invocations=5 (full 0):
 garbage-first heap   total 131072K, used 15878K [0x00000000a0000000, 0x0000000100000000)
  region size 1024K, 4 young (4096K), 4 survivors (4096K)
 Metaspace       used 20574K, capacity 21061K, committed 21248K, reserved 1067008K
  class space    used 2523K, capacity 2691K, committed 2816K, reserved 1048576K
}

Deoptimization events (20 events):
Event: 3.640 Thread 0x0000024a2d12a800 Uncommon trap: trap_request=0xffffff4d fr.pc=0x0000024a1d900ae0 relative=0x00000000000001a0
Event: 3.640 Thread 0x0000024a2d12a800 Uncommon trap: reason=unstable_if action=reinterpret pc=0x0000024a1d900ae0 method=java.util.HashMap.getNode(ILjava/lang/Object;)Ljava/util/HashMap$Node; @ 129 c2
Event: 3.640 Thread 0x0000024a2d12a800 DEOPT PACKING pc=0x0000024a1d900ae0 sp=0x0000008ab79fa0d0
Event: 3.640 Thread 0x0000024a2d12a800 DEOPT UNPACKING pc=0x0000024a15e178af sp=0x0000008ab79f9fd0 mode 2
Event: 3.640 Thread 0x0000024a2d12a800 Uncommon trap: trap_request=0xffffffc6 fr.pc=0x0000024a1d962a78 relative=0x0000000000000dd8
Event: 3.640 Thread 0x0000024a2d12a800 Uncommon trap: reason=bimorphic_or_optimized_type_check action=maybe_recompile pc=0x0000024a1d962a78 method=java.util.HashMap.putVal(ILjava/lang/Object;Ljava/lang/Object;ZZ)Ljava/lang/Object; @ 203 c2
Event: 3.640 Thread 0x0000024a2d12a800 DEOPT PACKING pc=0x0000024a1d962a78 sp=0x0000008ab79fa030
Event: 3.640 Thread 0x0000024a2d12a800 DEOPT UNPACKING pc=0x0000024a15e178af sp=0x0000008ab79f9fd0 mode 2
Event: 3.640 Thread 0x0000024a2d12a800 Uncommon trap: trap_request=0xffffff4d fr.pc=0x0000024a1d8e1a2c relative=0x00000000000001ec
Event: 3.640 Thread 0x0000024a2d12a800 Uncommon trap: reason=unstable_if action=reinterpret pc=0x0000024a1d8e1a2c method=java.util.HashMap.getNode(ILjava/lang/Object;)Ljava/util/HashMap$Node; @ 129 c2
Event: 3.640 Thread 0x0000024a2d12a800 DEOPT PACKING pc=0x0000024a1d8e1a2c sp=0x0000008ab79fa030
Event: 3.640 Thread 0x0000024a2d12a800 DEOPT UNPACKING pc=0x0000024a15e178af sp=0x0000008ab79f9fb8 mode 2
Event: 3.641 Thread 0x0000024a2d12a800 Uncommon trap: trap_request=0xffffffc6 fr.pc=0x0000024a1d962a78 relative=0x0000000000000dd8
Event: 3.641 Thread 0x0000024a2d12a800 Uncommon trap: reason=bimorphic_or_optimized_type_check action=maybe_recompile pc=0x0000024a1d962a78 method=java.util.HashMap.putVal(ILjava/lang/Object;Ljava/lang/Object;ZZ)Ljava/lang/Object; @ 203 c2
Event: 3.641 Thread 0x0000024a2d12a800 DEOPT PACKING pc=0x0000024a1d962a78 sp=0x0000008ab79fa010
Event: 3.641 Thread 0x0000024a2d12a800 DEOPT UNPACKING pc=0x0000024a15e178af sp=0x0000008ab79f9fb0 mode 2
Event: 3.837 Thread 0x0000024a2d12a800 Uncommon trap: trap_request=0xffffff4d fr.pc=0x0000024a1d911dfc relative=0x000000000000023c
Event: 3.837 Thread 0x0000024a2d12a800 Uncommon trap: reason=unstable_if action=reinterpret pc=0x0000024a1d911dfc method=java.util.concurrent.ConcurrentHashMap.get(Ljava/lang/Object;)Ljava/lang/Object; @ 76 c2
Event: 3.837 Thread 0x0000024a2d12a800 DEOPT PACKING pc=0x0000024a1d911dfc sp=0x0000008ab79f8c60
Event: 3.837 Thread 0x0000024a2d12a800 DEOPT UNPACKING pc=0x0000024a15e178af sp=0x0000008ab79f8bc8 mode 2

Classes redefined (0 events):
No events

Internal exceptions (20 events):
Event: 1.988 Thread 0x0000024a122fe000 Exception <a 'java/security/PrivilegedActionException'{0x00000000a65f5fe8}> (0x00000000a65f5fe8) thrown at [./src/hotspot/share/prims/jvm.cpp, line 1306]
Event: 1.988 Thread 0x0000024a122fe000 Exception <a 'java/security/PrivilegedActionException'{0x00000000a65f6560}> (0x00000000a65f6560) thrown at [./src/hotspot/share/prims/jvm.cpp, line 1306]
Event: 1.988 Thread 0x0000024a122fe000 Exception <a 'java/security/PrivilegedActionException'{0x00000000a65f7960}> (0x00000000a65f7960) thrown at [./src/hotspot/share/prims/jvm.cpp, line 1306]
Event: 1.988 Thread 0x0000024a122fe000 Exception <a 'java/security/PrivilegedActionException'{0x00000000a65f7ed8}> (0x00000000a65f7ed8) thrown at [./src/hotspot/share/prims/jvm.cpp, line 1306]
Event: 2.455 Thread 0x0000024a122fe000 Exception <a 'java/lang/NoSuchMethodError'{0x00000000a719c9b0}: 'java.lang.Object java.lang.invoke.DirectMethodHandle$Holder.invokeStaticInit(java.lang.Object, java.lang.Object, java.lang.Object)'> (0x00000000a719c9b0) thrown at [./src/hotspot/share/interpreter/linkResolver.cpp, line 773]
Event: 2.564 Thread 0x0000024a122fe000 Exception <a 'java/lang/NoSuchMethodError'{0x00000000a6c5a330}: 'java.lang.Object java.lang.invoke.Invokers$Holder.invoker(java.lang.Object, java.lang.Object, java.lang.Object, java.lang.Object, java.lang.Object)'> (0x00000000a6c5a330) thrown at [./src/hotspot/share/interpreter/linkResolver.cpp, line 773]
Event: 2.567 Thread 0x0000024a122fe000 Exception <a 'java/lang/NoSuchMethodError'{0x00000000a6c6afa8}: 'void java.lang.invoke.DelegatingMethodHandle$Holder.delegate(java.lang.Object, java.lang.Object, int, java.lang.Object)'> (0x00000000a6c6afa8) thrown at [./src/hotspot/share/interpreter/linkResolver.cpp, line 773]
Event: 2.587 Thread 0x0000024a122fe000 Exception <a 'java/lang/NoSuchMethodError'{0x00000000a6b26f58}: 'java.lang.Object java.lang.invoke.DirectMethodHandle$Holder.invokeStaticInit(java.lang.Object, int, int, int, int)'> (0x00000000a6b26f58) thrown at [./src/hotspot/share/interpreter/linkResolver.cpp, line 773]
Event: 2.666 Thread 0x0000024a122fe000 Exception <a 'java/lang/NoSuchMethodError'{0x00000000a6bfc1d8}: 'java.lang.Object java.lang.invoke.DirectMethodHandle$Holder.invokeStaticInit(java.lang.Object, java.lang.Object, int, int, int, int)'> (0x00000000a6bfc1d8) thrown at [./src/hotspot/share/interpreter/linkResolver.cpp, line 773]
Event: 2.818 Thread 0x0000024a122fe000 Exception <a 'java/io/IOException'{0x00000000a699a828}> (0x00000000a699a828) thrown at [./src/hotspot/share/prims/jni.cpp, line 615]
Event: 2.947 Thread 0x0000024a2d12a800 Exception <a 'java/lang/NoSuchMethodError'{0x00000000a6463000}: 'void java.lang.invoke.DelegatingMethodHandle$Holder.reinvoke_L(java.lang.Object, java.lang.Object, java.lang.Object, java.lang.Object)'> (0x00000000a6463000) thrown at [./src/hotspot/share/interpreter/linkResolver.cpp, line 773]
Event: 2.954 Thread 0x0000024a2d12a800 Exception <a 'java/lang/NoSuchMethodError'{0x00000000a649a0e0}: 'long java.lang.invoke.DirectMethodHandle$Holder.invokeInterface(java.lang.Object, java.lang.Object)'> (0x00000000a649a0e0) thrown at [./src/hotspot/share/interpreter/linkResolver.cpp, line 773]
Event: 2.956 Thread 0x0000024a2d12a800 Exception <a 'java/lang/NoSuchMethodError'{0x00000000a64bba50}: 'void java.lang.invoke.DelegatingMethodHandle$Holder.reinvoke_L(java.lang.Object, java.lang.Object, java.lang.Object, java.lang.Object, java.lang.Object, java.lang.Object, java.lang.Object)'> (0x00000000a64bba50) thrown at [./src/hotspot/share/interpreter/linkResolver.cpp, line 773]
Event: 3.142 Thread 0x0000024a2d12a800 Exception <a 'java/lang/NoSuchMethodError'{0x00000000a54b0ad8}: 'java.lang.Object java.lang.invoke.DirectMethodHandle$Holder.invokeVirtual(java.lang.Object, java.lang.Object, java.lang.Object)'> (0x00000000a54b0ad8) thrown at [./src/hotspot/share/interpreter/linkResolver.cpp, line 773]
Event: 3.197 Thread 0x0000024a2d12a800 Exception <a 'java/lang/NoSuchMethodError'{0x00000000a7c73ef8}: 'void java.lang.invoke.DirectMethodHandle$Holder.invokeStaticInit(java.lang.Object)'> (0x00000000a7c73ef8) thrown at [./src/hotspot/share/interpreter/linkResolver.cpp, line 773]
Event: 3.315 Thread 0x0000024a2d12a800 Exception <a 'java/lang/NoSuchMethodError'{0x00000000a76dc768}: 'int java.lang.invoke.DirectMethodHandle$Holder.invokeSpecialIFC(java.lang.Object, java.lang.Object, java.lang.Object, java.lang.Object)'> (0x00000000a76dc768) thrown at [./src/hotspot/share/interpreter/linkResolver.cpp, line 773]
Event: 3.316 Thread 0x0000024a2d12a800 Exception <a 'java/lang/NoSuchMethodError'{0x00000000a76eaac8}: 'java.lang.Object java.lang.invoke.DirectMethodHandle$Holder.invokeInterface(java.lang.Object, java.lang.Object, java.lang.Object)'> (0x00000000a76eaac8) thrown at [./src/hotspot/share/interpreter/linkResolver.cpp, line 773]
Event: 3.317 Thread 0x0000024a2d12a800 Exception <a 'java/lang/IncompatibleClassChangeError'{0x00000000a76edfa0}: Found class java.lang.Object, but interface was expected> (0x00000000a76edfa0) thrown at [./src/hotspot/share/interpreter/linkResolver.cpp, line 839]
Event: 3.455 Thread 0x0000024a2d12a800 Exception <a 'java/lang/NoSuchMethodError'{0x00000000a7f9e5a8}: 'void java.lang.invoke.DirectMethodHandle$Holder.invokeSpecial(java.lang.Object, java.lang.Object)'> (0x00000000a7f9e5a8) thrown at [./src/hotspot/share/interpreter/linkResolver.cpp, line 773]
Event: 3.606 Thread 0x0000024a2d12a800 Exception <a 'java/lang/NoSuchMethodError'{0x00000000a745c1f0}: 'java.lang.Object java.lang.invoke.DirectMethodHandle$Holder.invokeVirtual(java.lang.Object, java.lang.Object, java.lang.Object, java.lang.Object)'> (0x00000000a745c1f0) thrown at [./src/hotspot/share/interpreter/linkResolver.cpp, line 773]

Events (20 events):
Event: 3.826 loading class java/lang/annotation/ElementType
Event: 3.826 loading class java/lang/annotation/ElementType done
Event: 3.828 loading class org/gradle/internal/extensibility/NoConventionMapping
Event: 3.828 loading class org/gradle/internal/extensibility/NoConventionMapping done
Event: 3.828 loading class org/gradle/api/internal/DynamicObjectAware
Event: 3.828 loading class org/gradle/api/internal/DynamicObjectAware done
Event: 3.829 loading class java/lang/Deprecated
Event: 3.829 loading class java/lang/Deprecated done
Event: 3.835 loading class jdk/internal/HotSpotIntrinsicCandidate
Event: 3.835 loading class jdk/internal/HotSpotIntrinsicCandidate done
Event: 3.836 loading class java/lang/module/ModuleDescriptor$Builder
Event: 3.837 loading class java/lang/module/ModuleDescriptor$Builder done
Event: 3.837 loading class jdk/internal/module/Checks
Event: 3.837 loading class jdk/internal/module/Checks done
Event: 3.839 loading class groovy/lang/Closure
Event: 3.839 loading class groovy/lang/Closure done
Event: 3.890 loading class groovy/lang/GroovyCallable
Event: 3.890 loading class groovy/lang/GroovyCallable done
Event: 3.944 loading class groovy/lang/GroovyObjectSupport
Event: 3.944 loading class groovy/lang/GroovyObjectSupport done


Dynamic libraries:
0x00007ff78ba60000 - 0x00007ff78ba6a000 	C:\Program Files\Android\Android Studio\jre\bin\java.exe
0x00007ffea9f50000 - 0x00007ffeaa148000 	C:\WINDOWS\SYSTEM32\ntdll.dll
0x00007ffea9750000 - 0x00007ffea980f000 	C:\WINDOWS\System32\KERNEL32.DLL
0x00007ffea7c40000 - 0x00007ffea7f12000 	C:\WINDOWS\System32\KERNELBASE.dll
0x00007ffea79f0000 - 0x00007ffea7af0000 	C:\WINDOWS\System32\ucrtbase.dll
0x00007ffe96740000 - 0x00007ffe96757000 	C:\Program Files\Android\Android Studio\jre\bin\VCRUNTIME140.dll
0x00007ffe98f00000 - 0x00007ffe98f19000 	C:\Program Files\Android\Android Studio\jre\bin\jli.dll
0x00007ffea8210000 - 0x00007ffea83b1000 	C:\WINDOWS\System32\USER32.dll
0x00007ffea7b40000 - 0x00007ffea7b62000 	C:\WINDOWS\System32\win32u.dll
0x00007ffea8f60000 - 0x00007ffea8f8b000 	C:\WINDOWS\System32\GDI32.dll
0x00007ffea7850000 - 0x00007ffea795f000 	C:\WINDOWS\System32\gdi32full.dll
0x00007ffea7b70000 - 0x00007ffea7c0d000 	C:\WINDOWS\System32\msvcp_win.dll
0x00007ffe95c90000 - 0x00007ffe95f2a000 	C:\WINDOWS\WinSxS\amd64_microsoft.windows.common-controls_6595b64144ccf1df_6.0.19041.1110_none_60b5254171f9507e\COMCTL32.dll
0x00007ffea9030000 - 0x00007ffea90ce000 	C:\WINDOWS\System32\msvcrt.dll
0x00007ffea9810000 - 0x00007ffea9842000 	C:\WINDOWS\System32\IMM32.DLL
0x00007ffe966a0000 - 0x00007ffe9673d000 	C:\Program Files\Android\Android Studio\jre\bin\msvcp140.dll
0x00007ffe770d0000 - 0x00007ffe77b9f000 	C:\Program Files\Android\Android Studio\jre\bin\server\jvm.dll
0x00007ffea8eb0000 - 0x00007ffea8f5e000 	C:\WINDOWS\System32\ADVAPI32.dll
0x00007ffea8f90000 - 0x00007ffea902c000 	C:\WINDOWS\System32\sechost.dll
0x00007ffea9240000 - 0x00007ffea9365000 	C:\WINDOWS\System32\RPCRT4.dll
0x00007ffea83c0000 - 0x00007ffea83c8000 	C:\WINDOWS\System32\PSAPI.DLL
0x00007ffe9d630000 - 0x00007ffe9d639000 	C:\WINDOWS\SYSTEM32\WSOCK32.dll
0x00007ffea8cb0000 - 0x00007ffea8d1b000 	C:\WINDOWS\System32\WS2_32.dll
0x00007ffe94f70000 - 0x00007ffe94f97000 	C:\WINDOWS\SYSTEM32\WINMM.dll
0x00007ffea5600000 - 0x00007ffea560a000 	C:\WINDOWS\SYSTEM32\VERSION.dll
0x00007ffea5eb0000 - 0x00007ffea5ec2000 	C:\WINDOWS\SYSTEM32\kernel.appcore.dll
0x00007ffe9d610000 - 0x00007ffe9d621000 	C:\Program Files\Android\Android Studio\jre\bin\verify.dll
0x00007ffe96090000 - 0x00007ffe96274000 	C:\WINDOWS\SYSTEM32\DBGHELP.DLL
0x00007ffe964f0000 - 0x00007ffe96525000 	C:\WINDOWS\SYSTEM32\dbgcore.DLL
0x00007ffea7960000 - 0x00007ffea79e2000 	C:\WINDOWS\System32\bcryptPrimitives.dll
0x00007ffe9c6a0000 - 0x00007ffe9c6c9000 	C:\Program Files\Android\Android Studio\jre\bin\java.dll
0x00007ffe9d600000 - 0x00007ffe9d60b000 	C:\Program Files\Android\Android Studio\jre\bin\jimage.dll
0x00007ffe9c680000 - 0x00007ffe9c698000 	C:\Program Files\Android\Android Studio\jre\bin\zip.dll
0x00007ffea8480000 - 0x00007ffea8bc5000 	C:\WINDOWS\System32\SHELL32.dll
0x00007ffea5700000 - 0x00007ffea5e92000 	C:\WINDOWS\SYSTEM32\windows.storage.dll
0x00007ffea93f0000 - 0x00007ffea9745000 	C:\WINDOWS\System32\combase.dll
0x00007ffea6fc0000 - 0x00007ffea6ff0000 	C:\WINDOWS\SYSTEM32\Wldp.dll
0x00007ffea83d0000 - 0x00007ffea847d000 	C:\WINDOWS\System32\SHCORE.dll
0x00007ffea9980000 - 0x00007ffea99d5000 	C:\WINDOWS\System32\shlwapi.dll
0x00007ffea7580000 - 0x00007ffea759f000 	C:\WINDOWS\SYSTEM32\profapi.dll
0x00007ffe9c660000 - 0x00007ffe9c67a000 	C:\Program Files\Android\Android Studio\jre\bin\net.dll
0x00007ffea12c0000 - 0x00007ffea13cc000 	C:\WINDOWS\SYSTEM32\WINHTTP.dll
0x00007ffea6d20000 - 0x00007ffea6d8a000 	C:\WINDOWS\system32\mswsock.dll
0x00007ffe9c4f0000 - 0x00007ffe9c504000 	C:\Program Files\Android\Android Studio\jre\bin\nio.dll
0x00007ffe959b0000 - 0x00007ffe959d6000 	C:\Users\nanosoft\.gradle\native\fdc75f09e3144964f2cf3f50f0aa648679c211496f362492102eb8c894070792\windows-amd64\native-platform.dll
0x00007ffe83eb0000 - 0x00007ffe84041000 	C:\Users\nanosoft\.gradle\native\12488b8bf47d2d4c9fbf2f6322a914ad602e24e48041cd04a747c6da556b65c4\windows-amd64\native-platform-file-events.dll
0x00007ffe9c650000 - 0x00007ffe9c65a000 	C:\Program Files\Android\Android Studio\jre\bin\management.dll
0x00007ffe9c4e0000 - 0x00007ffe9c4ec000 	C:\Program Files\Android\Android Studio\jre\bin\management_ext.dll
0x00007ffea6f10000 - 0x00007ffea6f28000 	C:\WINDOWS\SYSTEM32\CRYPTSP.dll
0x00007ffea6640000 - 0x00007ffea6674000 	C:\WINDOWS\system32\rsaenh.dll
0x00007ffea7c10000 - 0x00007ffea7c37000 	C:\WINDOWS\System32\bcrypt.dll
0x00007ffea7540000 - 0x00007ffea756e000 	C:\WINDOWS\SYSTEM32\USERENV.dll
0x00007ffea6f30000 - 0x00007ffea6f3c000 	C:\WINDOWS\SYSTEM32\CRYPTBASE.dll
0x00007ffea6a10000 - 0x00007ffea6a4b000 	C:\WINDOWS\SYSTEM32\IPHLPAPI.DLL
0x00007ffea90d0000 - 0x00007ffea90d8000 	C:\WINDOWS\System32\NSI.dll
0x00007ffea0850000 - 0x00007ffea0867000 	C:\WINDOWS\SYSTEM32\dhcpcsvc6.DLL
0x00007ffea0830000 - 0x00007ffea084d000 	C:\WINDOWS\SYSTEM32\dhcpcsvc.DLL
0x00007ffea6a50000 - 0x00007ffea6b1b000 	C:\WINDOWS\SYSTEM32\DNSAPI.dll
0x00007ffea10c0000 - 0x00007ffea10cb000 	C:\WINDOWS\SYSTEM32\WINNSI.DLL

dbghelp: loaded successfully - version: 4.0.5 - missing functions: none
symbol engine: initialized successfully - sym options: 0x614 - pdb path: .;C:\Program Files\Android\Android Studio\jre\bin;C:\WINDOWS\SYSTEM32;C:\WINDOWS\WinSxS\amd64_microsoft.windows.common-controls_6595b64144ccf1df_6.0.19041.1110_none_60b5254171f9507e;C:\Program Files\Android\Android Studio\jre\bin\server;C:\Users\nanosoft\.gradle\native\fdc75f09e3144964f2cf3f50f0aa648679c211496f362492102eb8c894070792\windows-amd64;C:\Users\nanosoft\.gradle\native\12488b8bf47d2d4c9fbf2f6322a914ad602e24e48041cd04a747c6da556b65c4\windows-amd64

VM Arguments:
jvm_args: --add-opens=java.base/java.util=ALL-UNNAMED --add-opens=java.base/java.lang=ALL-UNNAMED --add-opens=java.base/java.lang.invoke=ALL-UNNAMED --add-opens=java.prefs/java.util.prefs=ALL-UNNAMED -Xmx1536M -Dfile.encoding=windows-1252 -Duser.country=US -Duser.language=en -Duser.variant 
java_command: org.gradle.launcher.daemon.bootstrap.GradleDaemon 6.7.1
java_class_path (initial): C:\Users\nanosoft\.gradle\wrapper\dists\gradle-6.7.1-all\2moa8rlfac5eqlcfgk98k0deb\gradle-6.7.1\lib\gradle-launcher-6.7.1.jar
Launcher Type: SUN_STANDARD

[Global flags]
     intx CICompilerCount                          = 3                                         {product} {ergonomic}
     uint ConcGCThreads                            = 1                                         {product} {ergonomic}
     uint G1ConcRefinementThreads                  = 4                                         {product} {ergonomic}
   size_t G1HeapRegionSize                         = 1048576                                   {product} {ergonomic}
    uintx GCDrainStackTargetSize                   = 64                                        {product} {ergonomic}
   size_t InitialHeapSize                          = 134217728                                 {product} {ergonomic}
   size_t MarkStackSize                            = 4194304                                   {product} {ergonomic}
   size_t MaxHeapSize                              = 1610612736                                {product} {command line}
   size_t MaxNewSize                               = 965738496                                 {product} {ergonomic}
   size_t MinHeapDeltaBytes                        = 1048576                                   {product} {ergonomic}
    uintx NonNMethodCodeHeapSize                   = 5830732                                {pd product} {ergonomic}
    uintx NonProfiledCodeHeapSize                  = 122913754                              {pd product} {ergonomic}
    uintx ProfiledCodeHeapSize                     = 122913754                              {pd product} {ergonomic}
    uintx ReservedCodeCacheSize                    = 251658240                              {pd product} {ergonomic}
     bool SegmentedCodeCache                       = true                                      {product} {ergonomic}
     bool UseCompressedClassPointers               = true                                 {lp64_product} {ergonomic}
     bool UseCompressedOops                        = true                                 {lp64_product} {ergonomic}
     bool UseG1GC                                  = true                                      {product} {ergonomic}
     bool UseLargePagesIndividualAllocation        = false                                  {pd product} {ergonomic}

Logging:
Log output configuration:
 #0: stdout all=warning uptime,level,tags
 #1: stderr all=off uptime,level,tags

Environment Variables:
JAVA_HOME=C:\Program Files\Android\Android Studio\jre
CLASSPATH=E:\oshudghor\android\\gradle\wrapper\gradle-wrapper.jar
PATH=C:\ProgramData\Oracle\Java\javapath;C:\Program Files (x86)\Common Files\Oracle\Java\javapath;C:\WINDOWS\system32;C:\WINDOWS;C:\WINDOWS\System32\Wbem;C:\WINDOWS\System32\WindowsPowerShell\v1.0\;C:\WINDOWS\System32\OpenSSH\;E:\AndroidSoftware\sdk\sdk\platform-tools;E:\AndroidSoftware\sdk\sdk\tools;C:\Users\nanosoft\AppData\Roaming\Composer\vendor\bin;C:\Users\nanosoft\AppData\Local\Microsoft\WindowsApps;C:\Users\nanosoft\flutter\bin;C:\adb;E:\xampp\php;C:\WINDOWS\system32;C:\WINDOWS;C:\WINDOWS\System32\Wbem;C:\WINDOWS\System32\WindowsPowerShell\v1.0\;C:\WINDOWS\System32\OpenSSH\;G:\flutter\bin\cache\dart-sdk\dart-sdk;G:\flutter\bin;G:\xampp\php;C:\composer;C:\Program Files\Git\cmd;G:\Scripts\;G:\;C:\Users\nanosoft\AppData\Local\Microsoft\WindowsApps;C:\Users\nanosoft\flutter\bin;C:\Program Files\Java\jdk1.8.0_40\bin;C:\Program Files\Java\jre1.8.0_40\bin;;G:\flutter_windows_3.0.0-stable\flutter\bin\mingit\cmd
USERNAME=nanosoft
OS=Windows_NT
PROCESSOR_IDENTIFIER=Intel64 Family 6 Model 60 Stepping 3, GenuineIntel



---------------  S Y S T E M  ---------------

OS: Windows 10 , 64 bit Build 19041 (10.0.19041.2546)
OS uptime: 11 days 7:14 hours

CPU:total 4 (initial active 4) (2 cores per cpu, 2 threads per core) family 6 model 60 stepping 3 microcode 0x27, cmov, cx8, fxsr, mmx, sse, sse2, sse3, ssse3, sse4.1, sse4.2, popcnt, avx, avx2, aes, clmul, erms, lzcnt, ht, tsc, tscinvbit, bmi1, bmi2, fma

Memory: 4k page, system-wide physical 8070M (414M free)
TotalPageFile size 19957M (AvailPageFile size 49M)
current process WorkingSet (physical memory assigned to process): 155M, peak: 156M
current process commit charge ("private bytes"): 254M, peak: 255M

vm_info: OpenJDK 64-Bit Server VM (11.0.10+0-b96-7249189) for windows-amd64 JRE (11.0.10+0-b96-7249189), built on Mar 31 2021 21:44:00 by "builder" with MS VC++ 14.0 (VS2015)

END.
